Thu Feb 24 08:21:41 SAST 2022
MaxEnt version 3.4.4
Reading file Back_swd.csv
readGrid: max memory 477626368, total allocated 128974848, free 112586912, used 16387936, increment 16387936
Reading samples from Sp_swd.csv
Read samples: max memory 477626368, total allocated 128974848, free 108497504, used 20477344, increment 4089408
Making features
makeFeatures: max memory 477626368, total allocated 128974848, free 103726328, used 25248520, increment 4771176
Command line used:  environmentallayers=SPHYRNA.LEWINI/models/SPHYRNA LEWINI/m_35900522/Back_swd.csv samplesfile=SPHYRNA.LEWINI/models/SPHYRNA LEWINI/m_35900522/Sp_swd.csv projectionlayers=SPHYRNA.LEWINI/models/SPHYRNA LEWINI/m_35900522/Predictions/Pred_swd.csv outputdirectory=SPHYRNA.LEWINI/models/SPHYRNA LEWINI/SPHYRNA.LEWINI_PA1_RUN1_MAXENT.Phillips_outputs outputformat=logistic redoifexists visible=FALSE linear=TRUE quadratic=TRUE product=TRUE threshold=TRUE hinge=TRUE lq2lqptthreshold=80 l2lqthreshold=10 hingethreshold=15 beta_threshold=-1 beta_categorical=-1 beta_lqp=-1 beta_hinge=-1 betamultiplier=1 defaultprevalence=0.5 autorun nowarnings notooltips noaddsamplestobackground
Command line to repeat: java density.MaxEnt nowarnings noprefixes outputformat=logistic "outputdirectory=SPHYRNA.LEWINI/models/SPHYRNA LEWINI/SPHYRNA.LEWINI_PA1_RUN1_MAXENT.Phillips_outputs" "projectionlayers=SPHYRNA.LEWINI/models/SPHYRNA LEWINI/m_35900522/Predictions/Pred_swd.csv" "samplesfile=SPHYRNA.LEWINI/models/SPHYRNA LEWINI/m_35900522/Sp_swd.csv" "environmentallayers=SPHYRNA.LEWINI/models/SPHYRNA LEWINI/m_35900522/Back_swd.csv" nowarnings notooltips noaskoverwrite threshold noaddsamplestobackground autorun novisible
Species: SPHYRNA.LEWINI_PA1_RUN1
Layers: DissolvedO2_max DissolvedO2_mean DissolvedO2_min Salinity_Lt_max Salinity_Lt_min Salinity_max Salinity_mean Salinity_min Salinity_range depth disttoestuary_all_km sst_Lt_max sst_Lt_min sst_average sst_max sst_min sst_range
Layertypes: Continuous Continuous Continuous Continuous Continuous Continuous Continuous Continuous Continuous Continuous Continuous Continuous Continuous Continuous Continuous Continuous Continuous
outputformat: logistic
outputdirectory: SPHYRNA.LEWINI/models/SPHYRNA LEWINI/SPHYRNA.LEWINI_PA1_RUN1_MAXENT.Phillips_outputs
projectionlayers: SPHYRNA.LEWINI/models/SPHYRNA LEWINI/m_35900522/Predictions/Pred_swd.csv
samplesfile: SPHYRNA.LEWINI/models/SPHYRNA LEWINI/m_35900522/Sp_swd.csv
environmentallayers: SPHYRNA.LEWINI/models/SPHYRNA LEWINI/m_35900522/Back_swd.csv
warnings: false
tooltips: false
askoverwrite: false
threshold: true
addsamplestobackground: false
autorun: true
visible: false

getSamples: max memory 477626368, total allocated 128974848, free 103726328, used 25248520, increment 0
SPHYRNA.LEWINI_PA1_RUN1: 
Regularization values: linear/quadratic/product: 0.157, categorical: 0.250, threshold: 1.150, hinge: 0.500
85 samples
Density: max memory 477626368, total allocated 128974848, free 101680416, used 27294432, increment 2045912
linearPredictor: max memory 477626368, total allocated 128974848, free 101680416, used 27294432, increment 0
FeaturedSpace: max memory 477626368, total allocated 128974848, free 101680416, used 27294432, increment 0
Sequential: max memory 477626368, total allocated 128974848, free 101680416, used 27294432, increment 0
Initial loss: 4.442651256490317
Time since start: 1.459
500: time = 1.287000 loss = -337.920484
Resulting gain: 342.36313505620694
Time since start: 6.636
Projecting...
Writing file SPHYRNA.LEWINI/models/SPHYRNA LEWINI/SPHYRNA.LEWINI_PA1_RUN1_MAXENT.Phillips_outputs/SPHYRNA.LEWINI_PA1_RUN1.csv
Projecting...
Reading file Pred_swd.csv
readGrid: max memory 477626368, total allocated 228589568, free 162292656, used 66296912, increment 39002480
Writing file SPHYRNA.LEWINI/models/SPHYRNA LEWINI/SPHYRNA.LEWINI_PA1_RUN1_MAXENT.Phillips_outputs/SPHYRNA.LEWINI_PA1_RUN1_Pred_swd.csv
Writing file SPHYRNA.LEWINI/models/SPHYRNA LEWINI/SPHYRNA.LEWINI_PA1_RUN1_MAXENT.Phillips_outputs/SPHYRNA.LEWINI_PA1_RUN1_Pred_swd_clamping.csv
Ending
