Wed Mar 02 15:48:18 SAST 2022
MaxEnt version 3.4.4
Reading file Back_swd.csv
readGrid: max memory 477626368, total allocated 128974848, free 110360352, used 18614496, increment 18614496
Reading samples from Sp_swd.csv
Read samples: max memory 477626368, total allocated 128974848, free 105589336, used 23385512, increment 4771016
Making features
makeFeatures: max memory 477626368, total allocated 128974848, free 98772528, used 30202320, increment 6816808
Command line used:  environmentallayers=TRIAKIS.MEGALOPTERUS/models/TRIAKIS MEGALOPTERUS/TRIAKIS.MEGALOPTERUS_PA2_Full_MAXENT.Phillips_outputs/Back_swd.csv samplesfile=TRIAKIS.MEGALOPTERUS/models/TRIAKIS MEGALOPTERUS/TRIAKIS.MEGALOPTERUS_PA2_Full_MAXENT.Phillips_outputs/Sp_swd.csv projectionlayers=TRIAKIS.MEGALOPTERUS/models/TRIAKIS MEGALOPTERUS/TRIAKIS.MEGALOPTERUS_PA2_Full_MAXENT.Phillips_outputs/Predictions/Pred_swd.csv outputdirectory=TRIAKIS.MEGALOPTERUS/models/TRIAKIS MEGALOPTERUS/TRIAKIS.MEGALOPTERUS_PA2_Full_MAXENT.Phillips_outputs outputformat=logistic togglelayertype=substrate_simplified redoifexists visible=FALSE linear=TRUE quadratic=TRUE product=TRUE threshold=TRUE hinge=TRUE lq2lqptthreshold=80 l2lqthreshold=10 hingethreshold=15 beta_threshold=-1 beta_categorical=-1 beta_lqp=-1 beta_hinge=-1 betamultiplier=1 defaultprevalence=0.5 autorun nowarnings notooltips noaddsamplestobackground
Command line to repeat: java density.MaxEnt nowarnings noprefixes outputformat=logistic "outputdirectory=TRIAKIS.MEGALOPTERUS/models/TRIAKIS MEGALOPTERUS/TRIAKIS.MEGALOPTERUS_PA2_Full_MAXENT.Phillips_outputs" "projectionlayers=TRIAKIS.MEGALOPTERUS/models/TRIAKIS MEGALOPTERUS/TRIAKIS.MEGALOPTERUS_PA2_Full_MAXENT.Phillips_outputs/Predictions/Pred_swd.csv" "samplesfile=TRIAKIS.MEGALOPTERUS/models/TRIAKIS MEGALOPTERUS/TRIAKIS.MEGALOPTERUS_PA2_Full_MAXENT.Phillips_outputs/Sp_swd.csv" "environmentallayers=TRIAKIS.MEGALOPTERUS/models/TRIAKIS MEGALOPTERUS/TRIAKIS.MEGALOPTERUS_PA2_Full_MAXENT.Phillips_outputs/Back_swd.csv" nowarnings notooltips noaskoverwrite threshold noaddsamplestobackground autorun novisible -t substrate_simplified
Species: TRIAKIS.MEGALOPTERUS_PA2_Full
Layers: DissolvedO2_max DissolvedO2_mean DissolvedO2_min Salinity_Lt_max Salinity_Lt_min Salinity_max Salinity_mean Salinity_min Salinity_range depth disttoestuary_all_km sst_Lt_max sst_Lt_min sst_average sst_max sst_min sst_range substrate_simplified
Layertypes: Continuous Continuous Continuous Continuous Continuous Continuous Continuous Continuous Continuous Continuous Continuous Continuous Continuous Continuous Continuous Continuous Continuous Categorical
outputformat: logistic
outputdirectory: TRIAKIS.MEGALOPTERUS/models/TRIAKIS MEGALOPTERUS/TRIAKIS.MEGALOPTERUS_PA2_Full_MAXENT.Phillips_outputs
projectionlayers: TRIAKIS.MEGALOPTERUS/models/TRIAKIS MEGALOPTERUS/TRIAKIS.MEGALOPTERUS_PA2_Full_MAXENT.Phillips_outputs/Predictions/Pred_swd.csv
samplesfile: TRIAKIS.MEGALOPTERUS/models/TRIAKIS MEGALOPTERUS/TRIAKIS.MEGALOPTERUS_PA2_Full_MAXENT.Phillips_outputs/Sp_swd.csv
environmentallayers: TRIAKIS.MEGALOPTERUS/models/TRIAKIS MEGALOPTERUS/TRIAKIS.MEGALOPTERUS_PA2_Full_MAXENT.Phillips_outputs/Back_swd.csv
warnings: false
tooltips: false
askoverwrite: false
threshold: true
addsamplestobackground: false
autorun: true
visible: false

getSamples: max memory 477626368, total allocated 128974848, free 98772528, used 30202320, increment 0
TRIAKIS.MEGALOPTERUS_PA2_Full: 
Regularization values: linear/quadratic/product: 0.050, categorical: 0.250, threshold: 1.000, hinge: 0.500
118 samples
Density: max memory 477626368, total allocated 128974848, free 96044008, used 32930840, increment 2728520
linearPredictor: max memory 477626368, total allocated 128974848, free 96044008, used 32930840, increment 0
Deactivating (substrate_simplified=1.0)
Deactivating (substrate_simplified=2.0)
Deactivating (substrate_simplified=7.0)
Deactivating (substrate_simplified=10.0)
Deactivating (substrate_simplified=12.0)
Deactivating (substrate_simplified=15.0)
Deactivating (substrate_simplified=16.0)
FeaturedSpace: max memory 477626368, total allocated 128974848, free 96044008, used 32930840, increment 0
Sequential: max memory 477626368, total allocated 128974848, free 96044008, used 32930840, increment 0
Initial loss: 4.770684624465665
Time since start: 3.324
500: time = 2.820000 loss = -220.858416
Resulting gain: 225.62910052194883
Time since start: 6.666
Projecting...
Writing file TRIAKIS.MEGALOPTERUS/models/TRIAKIS MEGALOPTERUS/TRIAKIS.MEGALOPTERUS_PA2_Full_MAXENT.Phillips_outputs/TRIAKIS.MEGALOPTERUS_PA2_Full.csv
Projecting...
Reading file Pred_swd.csv
readGrid: max memory 477626368, total allocated 264765440, free 166617104, used 98148336, increment 65217496
Writing file TRIAKIS.MEGALOPTERUS/models/TRIAKIS MEGALOPTERUS/TRIAKIS.MEGALOPTERUS_PA2_Full_MAXENT.Phillips_outputs/TRIAKIS.MEGALOPTERUS_PA2_Full_Pred_swd.csv
Writing file TRIAKIS.MEGALOPTERUS/models/TRIAKIS MEGALOPTERUS/TRIAKIS.MEGALOPTERUS_PA2_Full_MAXENT.Phillips_outputs/TRIAKIS.MEGALOPTERUS_PA2_Full_Pred_swd_clamping.csv
Ending
