Wed Mar 02 15:44:01 SAST 2022
MaxEnt version 3.4.4
Reading file Back_swd.csv
readGrid: max memory 477626368, total allocated 128974848, free 112602480, used 16372368, increment 16372368
Reading samples from Sp_swd.csv
Read samples: max memory 477626368, total allocated 128974848, free 108513072, used 20461776, increment 4089408
Making features
makeFeatures: max memory 477626368, total allocated 128974848, free 104423632, used 24551216, increment 4089440
Command line used:  environmentallayers=TRIAKIS.MEGALOPTERUS/models/TRIAKIS MEGALOPTERUS/TRIAKIS.MEGALOPTERUS_PA2_RUN1_MAXENT.Phillips_outputs/Back_swd.csv samplesfile=TRIAKIS.MEGALOPTERUS/models/TRIAKIS MEGALOPTERUS/TRIAKIS.MEGALOPTERUS_PA2_RUN1_MAXENT.Phillips_outputs/Sp_swd.csv projectionlayers=TRIAKIS.MEGALOPTERUS/models/TRIAKIS MEGALOPTERUS/TRIAKIS.MEGALOPTERUS_PA2_RUN1_MAXENT.Phillips_outputs/Predictions/Pred_swd.csv outputdirectory=TRIAKIS.MEGALOPTERUS/models/TRIAKIS MEGALOPTERUS/TRIAKIS.MEGALOPTERUS_PA2_RUN1_MAXENT.Phillips_outputs outputformat=logistic togglelayertype=substrate_simplified redoifexists visible=FALSE linear=TRUE quadratic=TRUE product=TRUE threshold=TRUE hinge=TRUE lq2lqptthreshold=80 l2lqthreshold=10 hingethreshold=15 beta_threshold=-1 beta_categorical=-1 beta_lqp=-1 beta_hinge=-1 betamultiplier=1 defaultprevalence=0.5 autorun nowarnings notooltips noaddsamplestobackground
Command line to repeat: java density.MaxEnt nowarnings noprefixes outputformat=logistic "outputdirectory=TRIAKIS.MEGALOPTERUS/models/TRIAKIS MEGALOPTERUS/TRIAKIS.MEGALOPTERUS_PA2_RUN1_MAXENT.Phillips_outputs" "projectionlayers=TRIAKIS.MEGALOPTERUS/models/TRIAKIS MEGALOPTERUS/TRIAKIS.MEGALOPTERUS_PA2_RUN1_MAXENT.Phillips_outputs/Predictions/Pred_swd.csv" "samplesfile=TRIAKIS.MEGALOPTERUS/models/TRIAKIS MEGALOPTERUS/TRIAKIS.MEGALOPTERUS_PA2_RUN1_MAXENT.Phillips_outputs/Sp_swd.csv" "environmentallayers=TRIAKIS.MEGALOPTERUS/models/TRIAKIS MEGALOPTERUS/TRIAKIS.MEGALOPTERUS_PA2_RUN1_MAXENT.Phillips_outputs/Back_swd.csv" nowarnings notooltips noaskoverwrite threshold noaddsamplestobackground autorun novisible -t substrate_simplified
Species: TRIAKIS.MEGALOPTERUS_PA2_RUN1
Layers: DissolvedO2_max DissolvedO2_mean DissolvedO2_min Salinity_Lt_max Salinity_Lt_min Salinity_max Salinity_mean Salinity_min Salinity_range depth disttoestuary_all_km sst_Lt_max sst_Lt_min sst_average sst_max sst_min sst_range substrate_simplified
Layertypes: Continuous Continuous Continuous Continuous Continuous Continuous Continuous Continuous Continuous Continuous Continuous Continuous Continuous Continuous Continuous Continuous Continuous Categorical
outputformat: logistic
outputdirectory: TRIAKIS.MEGALOPTERUS/models/TRIAKIS MEGALOPTERUS/TRIAKIS.MEGALOPTERUS_PA2_RUN1_MAXENT.Phillips_outputs
projectionlayers: TRIAKIS.MEGALOPTERUS/models/TRIAKIS MEGALOPTERUS/TRIAKIS.MEGALOPTERUS_PA2_RUN1_MAXENT.Phillips_outputs/Predictions/Pred_swd.csv
samplesfile: TRIAKIS.MEGALOPTERUS/models/TRIAKIS MEGALOPTERUS/TRIAKIS.MEGALOPTERUS_PA2_RUN1_MAXENT.Phillips_outputs/Sp_swd.csv
environmentallayers: TRIAKIS.MEGALOPTERUS/models/TRIAKIS MEGALOPTERUS/TRIAKIS.MEGALOPTERUS_PA2_RUN1_MAXENT.Phillips_outputs/Back_swd.csv
warnings: false
tooltips: false
askoverwrite: false
threshold: true
addsamplestobackground: false
autorun: true
visible: false

getSamples: max memory 477626368, total allocated 128974848, free 103738696, used 25236152, increment 684936
TRIAKIS.MEGALOPTERUS_PA2_RUN1: 
Regularization values: linear/quadratic/product: 0.113, categorical: 0.250, threshold: 1.220, hinge: 0.500
78 samples
Density: max memory 477626368, total allocated 128974848, free 102375232, used 26599616, increment 1363464
linearPredictor: max memory 477626368, total allocated 128974848, free 102375232, used 26599616, increment 0
Deactivating (substrate_simplified=1.0)
Deactivating (substrate_simplified=2.0)
Deactivating (substrate_simplified=7.0)
Deactivating (substrate_simplified=10.0)
Deactivating (substrate_simplified=12.0)
Deactivating (substrate_simplified=15.0)
Deactivating (substrate_simplified=16.0)
FeaturedSpace: max memory 477626368, total allocated 128974848, free 102375232, used 26599616, increment 0
Sequential: max memory 477626368, total allocated 128974848, free 102375232, used 26599616, increment 0
Initial loss: 4.442651256490317
Time since start: 1.422
500: time = 1.051000 loss = -138.223550
Resulting gain: 142.66620078958255
Time since start: 4.291
Projecting...
Writing file TRIAKIS.MEGALOPTERUS/models/TRIAKIS MEGALOPTERUS/TRIAKIS.MEGALOPTERUS_PA2_RUN1_MAXENT.Phillips_outputs/TRIAKIS.MEGALOPTERUS_PA2_RUN1.csv
Projecting...
Reading file Pred_swd.csv
readGrid: max memory 477626368, total allocated 228589568, free 163475400, used 65114168, increment 38514552
Writing file TRIAKIS.MEGALOPTERUS/models/TRIAKIS MEGALOPTERUS/TRIAKIS.MEGALOPTERUS_PA2_RUN1_MAXENT.Phillips_outputs/TRIAKIS.MEGALOPTERUS_PA2_RUN1_Pred_swd.csv
Writing file TRIAKIS.MEGALOPTERUS/models/TRIAKIS MEGALOPTERUS/TRIAKIS.MEGALOPTERUS_PA2_RUN1_MAXENT.Phillips_outputs/TRIAKIS.MEGALOPTERUS_PA2_RUN1_Pred_swd_clamping.csv
Ending
